[1] "*************************  Running Date  *************************"
[1] "2023-06-12"
[1] "*************************  Program call parameters  *************************"
[1] "RunAllComparisionMain(/home/user/scripts/DifferentialExp,/home/user/En/elisa.azuara16277/modificado.txt,/home/user/En/elisa.azuara16277,fnCombinations=c(pEhEx,CDC5,pEhEx,CmasM,pEhEx,EhMyb10,pEhEx,U2AF84,pEhEx,UmasM),TOP=TRUE,fnUmbral=0.05,fnFilterValue=1,fnUmbralFoldChange=1,fnSelectMethods=123456,fnFileGzipTar=TRUE,fnBatch=c())"
[1] "*************************  Software Versions  *************************"
R version 4.2.3 (2023-03-15)
edgeR 3.40.2
limma 3.54.2
NOISeq 2.42.0
DESeq2 1.38.3
VennDiagram 1.7.3
ggplot2 3.4.2
UpSetR 1.4.0
corrplot 0.92
ComplexHeatmap 2.14.0
[1] "*************************  Lectura de datos  *************************"
[1] "      Read count table .......................... OK"
[1] "*************************  Running Data Analysis for all conditions  *************************"
[1] "dataAnalysis(fnCounts,c(CDC5,CDC5,CmasM,CmasM,EhMyb10,EhMyb10,U2AF84,U2AF84,UmasM,UmasM,pEhEx,pEhEx),/home/user/En/elisa.azuara16277/DataAnalysis_Results/AllConditions)"
[1] "Antes del for en Dataanlysis"
[1] "    BoxPlotLog2     .......................... OK"
[1] "    DensitiesPlot     .......................... OK"
[1] "    CPMPlot     .......................... OK"
[1] "Entrando a PCA"
[1] "    PCAPlot     .......................... OK"
[1] "    MDSPlot     .......................... OK"
[1] "    BoxPlotNorm     .......................... OK"
[1] "Entrando a PCA"
[1] "    PCAPlotNorm     .......................... OK"
[1] "    MDSPlotNorm     .......................... OK"
[1] "*************************  Running Differential Expresion  *************************"
[1] "      Filter rawcount table .......................... OK"
[1] "*************************  Running edgeR  *************************"
[1] "RunedgeR(fnCounTable,/home/user/En/elisa.azuara16277/edgeR_Results,TOP=TRUE,fnUmbral=0.05,fnUmbralFoldChange=1,fnSmearPlot=TRUE,fnVolcanoPlot=TRUE,fnBatch=(), fnConditions=c(pEhEx,CDC5))"
[1] "############"
[1] "Samples:  pEhExvsCDC5"
[1] "############"
[1] "      Objeto DGEList .......................... OK"
[1] "      Normalizacion .......................... OK"
[1] "      MDS Plot .......................... OK"
[1] "      Dispersion estimation .......................... OK"
[1] "      Differential expression estimation.......................... OK"
[1] "      Abundance estimation .......................... OK"
[1] "      Results table .......................... OK"
[1] "      Smear plot .......................... OK"
[1] "      Volcano plot .......................... OK"
[1] "      Top file .......................... OK"
[1] "      Final Results table to file .......................... OK"
[1] "*************************  Running limma-Voom  *************************"
[1] "Runlimma(fnCounTable,/home/user/En/elisa.azuara16277/limma_Results,TOP=TRUE,fnUmbral=0.05,fnUmbralFoldChange=1,fnMDPlot=TRUE,fnBatch=(),fnConditions=c(pEhEx,CDC5))"
[1] "############"
[1] "Samples:  pEhExvsCDC5"
[1] "############"
[1] "      Objeto DGEList .......................... OK"
[1] "      Normalizacion .......................... OK"
[1] "      MDS Plot .......................... OK"
[1] "      Voom transform .......................... OK"
[1] "      lmfit estimation .......................... OK"
[1] "      Differential expression estimation.......................... OK"
[1] "      Abundance estimation .......................... OK"
[1] "      Results table .......................... OK"
[1] "      MD plot .......................... OK"
[1] "      Top file .......................... OK"
[1] "      Final Results table to file .......................... OK"
[1] "*************************  Running NOISeq  *************************"
[1] "RunNOISeq(fnCounTable,/home/user/En/elisa.azuara16277/NOISeq_Results,TOP=TRUE,fnUmbral=0.05,fnUmbralFoldChange=1,fnBatch=(),fnConditions=c(pEhEx,CDC5))"
[1] "############"
[1] "Samples:  pEhExvsCDC5"
[1] "############"
[1] "      PCA Plot .......................... OK"
Computing Z values...
...k-means clustering done
Size of 15 clusters:
 [1]   11    8   17   74   23   26   45   35   14   53 3858   11  128  430   21
Resampling cluster...[1] 1
[1] 2
[1] 3
[1] 4
[1] 5
[1] 6
[1] 7
[1] 8
[1] 9
[1] 10
[1] 11
Size of 15 subclusters of cluster: 11
 [1]  412   75  204   24  277   18  127   69  753   92   63  169 1411   56  108
[1] 12
[1] 13
[1] 14
[1] 15
Computing Z for noise...
Computing probability of differential expression...
p0 = 0.383785974033927
Probability
   Min. 1st Qu.  Median    Mean 3rd Qu.    Max. 
 0.0000  0.3275  0.7182  0.6066  0.8925  1.0000 
[1] "      Differential expression estimation.......................... OK"
[1] "      Abundance estimation .......................... OK"
[1] "      Results table .......................... OK"
[1] "570 differentially expressed features"
[1] "570 differentially expressed features"
[1] "      DE plot .......................... OK"
[1] "570 differentially expressed features"
[1] "570 differentially expressed features"
[1] "      MD plot .......................... OK"
[1] "      Top file .......................... OK"
[1] "      Final Results table to file .......................... OK"
[1] "*************************  Running DESeq2  *************************"
[1] "RunDESeq2(fnCounTable,/home/user/En/elisa.azuara16277/DESeq2_Results,TOP=TRUE,fnUmbral=0.05,fnUmbralFoldChange=1,fnMAPlot=TRUE,fnBatch=(),fnConditions=c(pEhEx,CDC5))"
[1] "############"
[1] "Samples:  pEhExvsCDC5"
[1] "############"
[1] "      Objeto Dds .......................... OK"
[1] "      PCA plot .......................... OK"
[1] "      Differential expression estimation.......................... OK"
[1] "      Abundance estimation .......................... OK"
[1] "      Results table .......................... OK"
[1] "      Grafica MA .......................... OK"
[1] "      Top file .......................... OK"
[1] "      Final Results table to file .......................... OK"
[1] "*************************  Running Venn Diagram  *******************"
[1] "VennDiag(fnSetList,/home/user/En/elisa.azuara16277/VennDiagram_Results,pEhExvsCDC5)"
[1] "*************************  Running UpSetPlot  *******************"
[1] "UpSetPlot(fnSetList,/home/user/En/elisa.azuara16277/VennDiagram_Results,pEhExvsCDC5)"
[1] "*************************  Running Get Info from File  *******************"
[1] "      RunGetInfo .......................... OK"
[1] "*************************  Running Data Abundance  *******************"
[1] "      RunDataAbundance .......................... OK"
[1] "*************************  Running Data LogFC  *******************"
[1] "      RunDataLogFC .......................... OK"
[1] "*************************  Running Data Pval  *******************"
[1] "      RunDataPval .......................... OK"
[1] "*************************  Running Heatmap  *************************"
[1] "       Heatmap .......................... OK"
[1] "      RunHeatmap Intersect .......................... OK"
[1] "*************************  Running Heatmap  *************************"
[1] "       Heatmap .......................... OK"
[1] "      RunHeatmap Union .......................... OK"
[1] "      Filter rawcount table .......................... OK"
[1] "*************************  Running edgeR  *************************"
[1] "RunedgeR(fnCounTable,/home/user/En/elisa.azuara16277/edgeR_Results,TOP=TRUE,fnUmbral=0.05,fnUmbralFoldChange=1,fnSmearPlot=TRUE,fnVolcanoPlot=TRUE,fnBatch=(), fnConditions=c(pEhEx,CmasM))"
[1] "############"
[1] "Samples:  pEhExvsCmasM"
[1] "############"
[1] "      Objeto DGEList .......................... OK"
[1] "      Normalizacion .......................... OK"
[1] "      MDS Plot .......................... OK"
[1] "      Dispersion estimation .......................... OK"
[1] "      Differential expression estimation.......................... OK"
[1] "      Abundance estimation .......................... OK"
[1] "      Results table .......................... OK"
[1] "      Smear plot .......................... OK"
[1] "      Volcano plot .......................... OK"
[1] "      Top file .......................... OK"
[1] "      Final Results table to file .......................... OK"
[1] "*************************  Running limma-Voom  *************************"
[1] "Runlimma(fnCounTable,/home/user/En/elisa.azuara16277/limma_Results,TOP=TRUE,fnUmbral=0.05,fnUmbralFoldChange=1,fnMDPlot=TRUE,fnBatch=(),fnConditions=c(pEhEx,CmasM))"
[1] "############"
[1] "Samples:  pEhExvsCmasM"
[1] "############"
[1] "      Objeto DGEList .......................... OK"
[1] "      Normalizacion .......................... OK"
[1] "      MDS Plot .......................... OK"
[1] "      Voom transform .......................... OK"
[1] "      lmfit estimation .......................... OK"
[1] "      Differential expression estimation.......................... OK"
[1] "      Abundance estimation .......................... OK"
[1] "      Results table .......................... OK"
[1] "      MD plot .......................... OK"
[1] "      Top file .......................... OK"
[1] "      Final Results table to file .......................... OK"
[1] "*************************  Running NOISeq  *************************"
[1] "RunNOISeq(fnCounTable,/home/user/En/elisa.azuara16277/NOISeq_Results,TOP=TRUE,fnUmbral=0.05,fnUmbralFoldChange=1,fnBatch=(),fnConditions=c(pEhEx,CmasM))"
[1] "############"
[1] "Samples:  pEhExvsCmasM"
[1] "############"
[1] "      PCA Plot .......................... OK"
Computing Z values...
...k-means clustering done
Size of 15 clusters:
 [1]   10  410   50   56    6   30   23   11   16 3781    2  131   74   42   10
Resampling cluster...[1] 1
[1] 2
[1] 3
[1] 4
[1] 5
[1] 6
[1] 7
[1] 8
[1] 9
[1] 10
Size of 15 subclusters of cluster: 10
 [1]   27  338  185   74  124 1389   63   27   32  100  269   79  188  762  124
[1] 11
[1] 12
[1] 13
[1] 14
[1] 15
Computing Z for noise...
Computing probability of differential expression...
p0 = 0.469326105567629
Probability
   Min. 1st Qu.  Median    Mean 3rd Qu.    Max. 
 0.0000  0.2549  0.5966  0.5232  0.7773  1.0000 
[1] "      Differential expression estimation.......................... OK"
[1] "      Abundance estimation .......................... OK"
[1] "      Results table .......................... OK"
[1] "85 differentially expressed features"
[1] "85 differentially expressed features"
[1] "      DE plot .......................... OK"
[1] "85 differentially expressed features"
[1] "85 differentially expressed features"
[1] "      MD plot .......................... OK"
[1] "      Top file .......................... OK"
[1] "      Final Results table to file .......................... OK"
[1] "*************************  Running DESeq2  *************************"
[1] "RunDESeq2(fnCounTable,/home/user/En/elisa.azuara16277/DESeq2_Results,TOP=TRUE,fnUmbral=0.05,fnUmbralFoldChange=1,fnMAPlot=TRUE,fnBatch=(),fnConditions=c(pEhEx,CmasM))"
[1] "############"
[1] "Samples:  pEhExvsCmasM"
[1] "############"
[1] "      Objeto Dds .......................... OK"
[1] "      PCA plot .......................... OK"
[1] "      Differential expression estimation.......................... OK"
[1] "      Abundance estimation .......................... OK"
[1] "      Results table .......................... OK"
[1] "      Grafica MA .......................... OK"
[1] "      Top file .......................... OK"
[1] "      Final Results table to file .......................... OK"
[1] "*************************  Running Venn Diagram  *******************"
[1] "VennDiag(fnSetList,/home/user/En/elisa.azuara16277/VennDiagram_Results,pEhExvsCmasM)"
[1] "*************************  Running UpSetPlot  *******************"
[1] "UpSetPlot(fnSetList,/home/user/En/elisa.azuara16277/VennDiagram_Results,pEhExvsCmasM)"
[1] "*************************  Running Get Info from File  *******************"
[1] "      RunGetInfo .......................... OK"
[1] "*************************  Running Data Abundance  *******************"
[1] "      RunDataAbundance .......................... OK"
[1] "*************************  Running Data LogFC  *******************"
[1] "      RunDataLogFC .......................... OK"
[1] "*************************  Running Data Pval  *******************"
[1] "      RunDataPval .......................... OK"
[1] "*************************  Running Heatmap  *************************"
[1] "       Heatmap .......................... OK"
[1] "      RunHeatmap Intersect .......................... OK"
[1] "*************************  Running Heatmap  *************************"
[1] "       Heatmap .......................... OK"
[1] "      RunHeatmap Union .......................... OK"
[1] "      Filter rawcount table .......................... OK"
[1] "*************************  Running edgeR  *************************"
[1] "RunedgeR(fnCounTable,/home/user/En/elisa.azuara16277/edgeR_Results,TOP=TRUE,fnUmbral=0.05,fnUmbralFoldChange=1,fnSmearPlot=TRUE,fnVolcanoPlot=TRUE,fnBatch=(), fnConditions=c(pEhEx,EhMyb10))"
[1] "############"
[1] "Samples:  pEhExvsEhMyb10"
[1] "############"
[1] "      Objeto DGEList .......................... OK"
[1] "      Normalizacion .......................... OK"
[1] "      MDS Plot .......................... OK"
[1] "      Dispersion estimation .......................... OK"
[1] "      Differential expression estimation.......................... OK"
[1] "      Abundance estimation .......................... OK"
[1] "      Results table .......................... OK"
[1] "      Smear plot .......................... OK"
[1] "      Volcano plot .......................... OK"
[1] "      Top file .......................... OK"
[1] "      Final Results table to file .......................... OK"
[1] "*************************  Running limma-Voom  *************************"
[1] "Runlimma(fnCounTable,/home/user/En/elisa.azuara16277/limma_Results,TOP=TRUE,fnUmbral=0.05,fnUmbralFoldChange=1,fnMDPlot=TRUE,fnBatch=(),fnConditions=c(pEhEx,EhMyb10))"
[1] "############"
[1] "Samples:  pEhExvsEhMyb10"
[1] "############"
[1] "      Objeto DGEList .......................... OK"
[1] "      Normalizacion .......................... OK"
[1] "      MDS Plot .......................... OK"
[1] "      Voom transform .......................... OK"
[1] "      lmfit estimation .......................... OK"
[1] "      Differential expression estimation.......................... OK"
[1] "      Abundance estimation .......................... OK"
[1] "      Results table .......................... OK"
[1] "      MD plot .......................... OK"
[1] "      Top file .......................... OK"
[1] "      Final Results table to file .......................... OK"
[1] "*************************  Running NOISeq  *************************"
[1] "RunNOISeq(fnCounTable,/home/user/En/elisa.azuara16277/NOISeq_Results,TOP=TRUE,fnUmbral=0.05,fnUmbralFoldChange=1,fnBatch=(),fnConditions=c(pEhEx,EhMyb10))"
[1] "############"
[1] "Samples:  pEhExvsEhMyb10"
[1] "############"
[1] "      PCA Plot .......................... OK"
Computing Z values...
...k-means clustering done
Size of 15 clusters:
 [1] 4135   23    5   23   54   15    2   53    7  233   12   10    5   22   94
Resampling cluster...[1] 1
Size of 15 subclusters of cluster: 1
 [1]   29  799  159   47  448   72   74   26 1847   52  119  131   64   19  249
[1] 2
[1] 3
[1] 4
[1] 5
[1] 6
[1] 7
[1] 8
[1] 9
[1] 10
[1] 11
[1] 12
[1] 13
[1] 14
[1] 15
Computing Z for noise...
Computing probability of differential expression...
p0 = 0.431019196656915
Probability
   Min. 1st Qu.  Median    Mean 3rd Qu.    Max. 
 0.0000  0.2665  0.6573  0.5590  0.8477  1.0000 
[1] "      Differential expression estimation.......................... OK"
[1] "      Abundance estimation .......................... OK"
[1] "      Results table .......................... OK"
[1] "288 differentially expressed features"
[1] "288 differentially expressed features"
[1] "      DE plot .......................... OK"
[1] "288 differentially expressed features"
[1] "288 differentially expressed features"
[1] "      MD plot .......................... OK"
[1] "      Top file .......................... OK"
[1] "      Final Results table to file .......................... OK"
[1] "*************************  Running DESeq2  *************************"
[1] "RunDESeq2(fnCounTable,/home/user/En/elisa.azuara16277/DESeq2_Results,TOP=TRUE,fnUmbral=0.05,fnUmbralFoldChange=1,fnMAPlot=TRUE,fnBatch=(),fnConditions=c(pEhEx,EhMyb10))"
[1] "############"
[1] "Samples:  pEhExvsEhMyb10"
[1] "############"
[1] "      Objeto Dds .......................... OK"
[1] "      PCA plot .......................... OK"
[1] "      Differential expression estimation.......................... OK"
[1] "      Abundance estimation .......................... OK"
[1] "      Results table .......................... OK"
[1] "      Grafica MA .......................... OK"
[1] "      Top file .......................... OK"
[1] "      Final Results table to file .......................... OK"
[1] "*************************  Running Venn Diagram  *******************"
[1] "VennDiag(fnSetList,/home/user/En/elisa.azuara16277/VennDiagram_Results,pEhExvsEhMyb10)"
[1] "*************************  Running UpSetPlot  *******************"
[1] "UpSetPlot(fnSetList,/home/user/En/elisa.azuara16277/VennDiagram_Results,pEhExvsEhMyb10)"
[1] "*************************  Running Get Info from File  *******************"
[1] "      RunGetInfo .......................... OK"
[1] "*************************  Running Data Abundance  *******************"
[1] "      RunDataAbundance .......................... OK"
[1] "*************************  Running Data LogFC  *******************"
[1] "      RunDataLogFC .......................... OK"
[1] "*************************  Running Data Pval  *******************"
[1] "      RunDataPval .......................... OK"
[1] "*************************  Running Heatmap  *************************"
[1] "       Heatmap .......................... OK"
[1] "      RunHeatmap Intersect .......................... OK"
[1] "*************************  Running Heatmap  *************************"
[1] "       Heatmap .......................... OK"
[1] "      RunHeatmap Union .......................... OK"
[1] "      Filter rawcount table .......................... OK"
[1] "*************************  Running edgeR  *************************"
[1] "RunedgeR(fnCounTable,/home/user/En/elisa.azuara16277/edgeR_Results,TOP=TRUE,fnUmbral=0.05,fnUmbralFoldChange=1,fnSmearPlot=TRUE,fnVolcanoPlot=TRUE,fnBatch=(), fnConditions=c(pEhEx,U2AF84))"
[1] "############"
[1] "Samples:  pEhExvsU2AF84"
[1] "############"
[1] "      Objeto DGEList .......................... OK"
[1] "      Normalizacion .......................... OK"
[1] "      MDS Plot .......................... OK"
[1] "      Dispersion estimation .......................... OK"
[1] "      Differential expression estimation.......................... OK"
[1] "      Abundance estimation .......................... OK"
[1] "      Results table .......................... OK"
[1] "      Smear plot .......................... OK"
[1] "      Volcano plot .......................... OK"
[1] "      Top file .......................... OK"
[1] "      Final Results table to file .......................... OK"
[1] "*************************  Running limma-Voom  *************************"
[1] "Runlimma(fnCounTable,/home/user/En/elisa.azuara16277/limma_Results,TOP=TRUE,fnUmbral=0.05,fnUmbralFoldChange=1,fnMDPlot=TRUE,fnBatch=(),fnConditions=c(pEhEx,U2AF84))"
[1] "############"
[1] "Samples:  pEhExvsU2AF84"
[1] "############"
[1] "      Objeto DGEList .......................... OK"
[1] "      Normalizacion .......................... OK"
[1] "      MDS Plot .......................... OK"
[1] "      Voom transform .......................... OK"
[1] "      lmfit estimation .......................... OK"
[1] "      Differential expression estimation.......................... OK"
[1] "      Abundance estimation .......................... OK"
[1] "      Results table .......................... OK"
[1] "      MD plot .......................... OK"
[1] "      Top file .......................... OK"
[1] "      Final Results table to file .......................... OK"
[1] "*************************  Running NOISeq  *************************"
[1] "RunNOISeq(fnCounTable,/home/user/En/elisa.azuara16277/NOISeq_Results,TOP=TRUE,fnUmbral=0.05,fnUmbralFoldChange=1,fnBatch=(),fnConditions=c(pEhEx,U2AF84))"
[1] "############"
[1] "Samples:  pEhExvsU2AF84"
[1] "############"
[1] "      PCA Plot .......................... OK"
Computing Z values...
...k-means clustering done
Size of 15 clusters:
 [1]    9   59  414    8    4  147   16   36   22 3848    5   81    9   49   27
Resampling cluster...[1] 1
[1] 2
[1] 3
[1] 4
[1] 5
[1] 6
[1] 7
[1] 8
[1] 9
[1] 10
Size of 15 subclusters of cluster: 10
 [1]   51  292   67   70 1293  127   24  150  168  192   73  407   29  770  135
[1] 11
[1] 12
[1] 13
[1] 14
[1] 15
Computing Z for noise...
Computing probability of differential expression...
p0 = 0.431797598188581
Probability
   Min. 1st Qu.  Median    Mean 3rd Qu.    Max. 
 0.0000  0.2676  0.6444  0.5586  0.8190  1.0000 
[1] "      Differential expression estimation.......................... OK"
[1] "      Abundance estimation .......................... OK"
[1] "      Results table .......................... OK"
[1] "450 differentially expressed features"
[1] "450 differentially expressed features"
[1] "      DE plot .......................... OK"
[1] "450 differentially expressed features"
[1] "450 differentially expressed features"
[1] "      MD plot .......................... OK"
[1] "      Top file .......................... OK"
[1] "      Final Results table to file .......................... OK"
[1] "*************************  Running DESeq2  *************************"
[1] "RunDESeq2(fnCounTable,/home/user/En/elisa.azuara16277/DESeq2_Results,TOP=TRUE,fnUmbral=0.05,fnUmbralFoldChange=1,fnMAPlot=TRUE,fnBatch=(),fnConditions=c(pEhEx,U2AF84))"
[1] "############"
[1] "Samples:  pEhExvsU2AF84"
[1] "############"
[1] "      Objeto Dds .......................... OK"
[1] "      PCA plot .......................... OK"
[1] "      Differential expression estimation.......................... OK"
[1] "      Abundance estimation .......................... OK"
[1] "      Results table .......................... OK"
[1] "      Grafica MA .......................... OK"
[1] "      Top file .......................... OK"
[1] "      Final Results table to file .......................... OK"
[1] "*************************  Running Venn Diagram  *******************"
[1] "VennDiag(fnSetList,/home/user/En/elisa.azuara16277/VennDiagram_Results,pEhExvsU2AF84)"
[1] "*************************  Running UpSetPlot  *******************"
[1] "UpSetPlot(fnSetList,/home/user/En/elisa.azuara16277/VennDiagram_Results,pEhExvsU2AF84)"
[1] "*************************  Running Get Info from File  *******************"
[1] "      RunGetInfo .......................... OK"
[1] "*************************  Running Data Abundance  *******************"
[1] "      RunDataAbundance .......................... OK"
[1] "*************************  Running Data LogFC  *******************"
[1] "      RunDataLogFC .......................... OK"
[1] "*************************  Running Data Pval  *******************"
[1] "      RunDataPval .......................... OK"
[1] "*************************  Running Heatmap  *************************"
[1] "       Heatmap .......................... OK"
[1] "      RunHeatmap Intersect .......................... OK"
[1] "*************************  Running Heatmap  *************************"
[1] "       Heatmap .......................... OK"
[1] "      RunHeatmap Union .......................... OK"
[1] "      Filter rawcount table .......................... OK"
[1] "*************************  Running edgeR  *************************"
[1] "RunedgeR(fnCounTable,/home/user/En/elisa.azuara16277/edgeR_Results,TOP=TRUE,fnUmbral=0.05,fnUmbralFoldChange=1,fnSmearPlot=TRUE,fnVolcanoPlot=TRUE,fnBatch=(), fnConditions=c(pEhEx,UmasM))"
[1] "############"
[1] "Samples:  pEhExvsUmasM"
[1] "############"
[1] "      Objeto DGEList .......................... OK"
[1] "      Normalizacion .......................... OK"
[1] "      MDS Plot .......................... OK"
[1] "      Dispersion estimation .......................... OK"
[1] "      Differential expression estimation.......................... OK"
[1] "      Abundance estimation .......................... OK"
[1] "      Results table .......................... OK"
[1] "      Smear plot .......................... OK"
[1] "      Volcano plot .......................... OK"
[1] "      Top file .......................... OK"
[1] "      Final Results table to file .......................... OK"
[1] "*************************  Running limma-Voom  *************************"
[1] "Runlimma(fnCounTable,/home/user/En/elisa.azuara16277/limma_Results,TOP=TRUE,fnUmbral=0.05,fnUmbralFoldChange=1,fnMDPlot=TRUE,fnBatch=(),fnConditions=c(pEhEx,UmasM))"
[1] "############"
[1] "Samples:  pEhExvsUmasM"
[1] "############"
[1] "      Objeto DGEList .......................... OK"
[1] "      Normalizacion .......................... OK"
[1] "      MDS Plot .......................... OK"
[1] "      Voom transform .......................... OK"
[1] "      lmfit estimation .......................... OK"
[1] "      Differential expression estimation.......................... OK"
[1] "      Abundance estimation .......................... OK"
[1] "      Results table .......................... OK"
[1] "      MD plot .......................... OK"
[1] "      Top file .......................... OK"
[1] "      Final Results table to file .......................... OK"
[1] "*************************  Running NOISeq  *************************"
[1] "RunNOISeq(fnCounTable,/home/user/En/elisa.azuara16277/NOISeq_Results,TOP=TRUE,fnUmbral=0.05,fnUmbralFoldChange=1,fnBatch=(),fnConditions=c(pEhEx,UmasM))"
[1] "############"
[1] "Samples:  pEhExvsUmasM"
[1] "############"
[1] "      PCA Plot .......................... OK"
Computing Z values...
...k-means clustering done
Size of 15 clusters:
 [1]   11   10 4180   12  116   49   53   18    8   12   36   19   16   35  348
Resampling cluster...[1] 1
[1] 2
[1] 3
Size of 15 subclusters of cluster: 3
 [1]   54  118   37  204   22  262 1669  363  121  177   86   35  829   96  107
[1] 4
[1] 5
[1] 6
[1] 7
[1] 8
[1] 9
[1] 10
[1] 11
[1] 12
[1] 13
[1] 14
[1] 15
Computing Z for noise...
Computing probability of differential expression...
p0 = 0.528682614089741
Probability
   Min. 1st Qu.  Median    Mean 3rd Qu.    Max. 
 0.0000  0.2088  0.5298  0.4656  0.7124  1.0000 
[1] "      Differential expression estimation.......................... OK"
[1] "      Abundance estimation .......................... OK"
[1] "      Results table .......................... OK"
[1] "13 differentially expressed features"
[1] "13 differentially expressed features"
[1] "      DE plot .......................... OK"
[1] "13 differentially expressed features"
[1] "13 differentially expressed features"
[1] "      MD plot .......................... OK"
[1] "      Top file .......................... OK"
[1] "      Final Results table to file .......................... OK"
[1] "*************************  Running DESeq2  *************************"
[1] "RunDESeq2(fnCounTable,/home/user/En/elisa.azuara16277/DESeq2_Results,TOP=TRUE,fnUmbral=0.05,fnUmbralFoldChange=1,fnMAPlot=TRUE,fnBatch=(),fnConditions=c(pEhEx,UmasM))"
[1] "############"
[1] "Samples:  pEhExvsUmasM"
[1] "############"
[1] "      Objeto Dds .......................... OK"
[1] "      PCA plot .......................... OK"
[1] "      Differential expression estimation.......................... OK"
[1] "      Abundance estimation .......................... OK"
[1] "      Results table .......................... OK"
[1] "      Grafica MA .......................... OK"
[1] "      Top file .......................... OK"
[1] "      Final Results table to file .......................... OK"
[1] "*************************  Running Venn Diagram  *******************"
[1] "VennDiag(fnSetList,/home/user/En/elisa.azuara16277/VennDiagram_Results,pEhExvsUmasM)"
[1] "*************************  Running UpSetPlot  *******************"
[1] "UpSetPlot(fnSetList,/home/user/En/elisa.azuara16277/VennDiagram_Results,pEhExvsUmasM)"
[1] "*************************  Running Get Info from File  *******************"
[1] "      RunGetInfo .......................... OK"
[1] "*************************  Running Data Abundance  *******************"
[1] "      RunDataAbundance .......................... OK"
[1] "*************************  Running Data LogFC  *******************"
[1] "      RunDataLogFC .......................... OK"
[1] "*************************  Running Data Pval  *******************"
[1] "      RunDataPval .......................... OK"
[1] "*************************  Running Heatmap  *************************"
[1] "      RunHeatmap Intersect .......................... Failed"
[1] "*************************  Running Heatmap  *************************"
[1] "       Heatmap .......................... OK"
[1] "      RunHeatmap Union .......................... OK"
