[1] "*************************  Running Date  *************************"
[1] "2023-06-12"
[1] "*************************  Program call parameters  *************************"
[1] "RunAllComparisionMain(/home/user/scripts/DifferentialExp,/home/user/En/elisa.azuara141845/modificado.txt,/home/user/En/elisa.azuara141845,fnCombinations=c(pEhEx,CDC5,pEhEx,CmasM,pEhEx,EhMyb10,pEhEx,U2AF84,pEhEx,UmasM),TOP=TRUE,fnUmbral=0.05,fnFilterValue=1,fnUmbralFoldChange=1,fnSelectMethods=123456,fnFileGzipTar=TRUE,fnBatch=c())"
[1] "*************************  Software Versions  *************************"
R version 4.2.3 (2023-03-15)
edgeR 3.40.2
limma 3.54.2
NOISeq 2.42.0
DESeq2 1.38.3
VennDiagram 1.7.3
ggplot2 3.4.2
UpSetR 1.4.0
corrplot 0.92
ComplexHeatmap 2.14.0
[1] "*************************  Lectura de datos  *************************"
[1] "      Read count table .......................... OK"
[1] "*************************  Running Data Analysis for all conditions  *************************"
[1] "dataAnalysis(fnCounts,c(CDC5,CDC5,CDC5,CmasM,CmasM,CmasM,EhMyb10,EhMyb10,EhMyb10,U2AF84,U2AF84,U2AF84,UmasM,UmasM,UmasM,pEhEx,pEhEx,pEhEx),/home/user/En/elisa.azuara141845/DataAnalysis_Results/AllConditions)"
[1] "Antes del for en Dataanlysis"
[1] "    BoxPlotLog2     .......................... OK"
[1] "    DensitiesPlot     .......................... OK"
[1] "    CPMPlot     .......................... OK"
[1] "Entrando a PCA"
[1] "    PCAPlot     .......................... OK"
[1] "    MDSPlot     .......................... OK"
[1] "    BoxPlotNorm     .......................... OK"
[1] "Entrando a PCA"
[1] "    PCAPlotNorm     .......................... OK"
[1] "    MDSPlotNorm     .......................... OK"
[1] "*************************  Running Differential Expresion  *************************"
[1] "      Filter rawcount table .......................... OK"
[1] "*************************  Running edgeR  *************************"
[1] "RunedgeR(fnCounTable,/home/user/En/elisa.azuara141845/edgeR_Results,TOP=TRUE,fnUmbral=0.05,fnUmbralFoldChange=1,fnSmearPlot=TRUE,fnVolcanoPlot=TRUE,fnBatch=(), fnConditions=c(pEhEx,CDC5))"
[1] "############"
[1] "Samples:  pEhExvsCDC5"
[1] "############"
[1] "      Objeto DGEList .......................... OK"
[1] "      Normalizacion .......................... OK"
[1] "      MDS Plot .......................... OK"
[1] "      Dispersion estimation .......................... OK"
[1] "      Differential expression estimation.......................... OK"
[1] "      Abundance estimation .......................... OK"
[1] "      Results table .......................... OK"
[1] "      Smear plot .......................... OK"
[1] "      Volcano plot .......................... OK"
[1] "      Top file .......................... OK"
[1] "      Final Results table to file .......................... OK"
[1] "*************************  Running limma-Voom  *************************"
[1] "Runlimma(fnCounTable,/home/user/En/elisa.azuara141845/limma_Results,TOP=TRUE,fnUmbral=0.05,fnUmbralFoldChange=1,fnMDPlot=TRUE,fnBatch=(),fnConditions=c(pEhEx,CDC5))"
[1] "############"
[1] "Samples:  pEhExvsCDC5"
[1] "############"
[1] "      Objeto DGEList .......................... OK"
[1] "      Normalizacion .......................... OK"
[1] "      MDS Plot .......................... OK"
[1] "      Voom transform .......................... OK"
[1] "      lmfit estimation .......................... OK"
[1] "      Differential expression estimation.......................... OK"
[1] "      Abundance estimation .......................... OK"
[1] "      Results table .......................... OK"
[1] "      MD plot .......................... OK"
[1] "      Top file .......................... OK"
[1] "      Final Results table to file .......................... OK"
[1] "*************************  Running NOISeq  *************************"
[1] "RunNOISeq(fnCounTable,/home/user/En/elisa.azuara141845/NOISeq_Results,TOP=TRUE,fnUmbral=0.05,fnUmbralFoldChange=1,fnBatch=(),fnConditions=c(pEhEx,CDC5))"
[1] "############"
[1] "Samples:  pEhExvsCDC5"
[1] "############"
[1] "      PCA Plot .......................... OK"
Computing Z values...
...k-means clustering done
Size of 15 clusters:
 [1]   50   13    1   95    2    2  175   14    6    9    9    2   18 4357   19
Resampling cluster...[1] 1
[1] 2
[1] 3
[1] 4
[1] 5
[1] 6
[1] 7
[1] 8
[1] 9
[1] 10
[1] 11
[1] 12
[1] 13
[1] 14
Size of 15 subclusters of cluster: 14
 [1]    1   67    4  135 2741   35   35   32  238   80   45   32  224  661   27
[1] 15
Computing Z for noise...
Computing probability of differential expression...
p0 = 0.421215866609269
Probability
   Min. 1st Qu.  Median    Mean 3rd Qu.    Max. 
 0.0000  0.3322  0.6525  0.5718  0.8258  1.0000 
[1] "      Differential expression estimation.......................... OK"
[1] "      Abundance estimation .......................... OK"
[1] "      Results table .......................... OK"
[1] "56 differentially expressed features"
[1] "56 differentially expressed features"
[1] "      DE plot .......................... OK"
[1] "56 differentially expressed features"
[1] "56 differentially expressed features"
[1] "      MD plot .......................... OK"
[1] "      Top file .......................... OK"
[1] "      Final Results table to file .......................... OK"
[1] "*************************  Running DESeq2  *************************"
[1] "RunDESeq2(fnCounTable,/home/user/En/elisa.azuara141845/DESeq2_Results,TOP=TRUE,fnUmbral=0.05,fnUmbralFoldChange=1,fnMAPlot=TRUE,fnBatch=(),fnConditions=c(pEhEx,CDC5))"
[1] "############"
[1] "Samples:  pEhExvsCDC5"
[1] "############"
[1] "      Objeto Dds .......................... OK"
[1] "      PCA plot .......................... OK"
[1] "      Differential expression estimation.......................... OK"
[1] "      Abundance estimation .......................... OK"
[1] "      Results table .......................... OK"
[1] "      Grafica MA .......................... OK"
[1] "      Top file .......................... OK"
[1] "      Final Results table to file .......................... OK"
[1] "*************************  Running Venn Diagram  *******************"
[1] "VennDiag(fnSetList,/home/user/En/elisa.azuara141845/VennDiagram_Results,pEhExvsCDC5)"
[1] "*************************  Running UpSetPlot  *******************"
[1] "UpSetPlot(fnSetList,/home/user/En/elisa.azuara141845/VennDiagram_Results,pEhExvsCDC5)"
[1] "*************************  Running Get Info from File  *******************"
[1] "      RunGetInfo .......................... OK"
[1] "*************************  Running Data Abundance  *******************"
[1] "      RunDataAbundance .......................... OK"
[1] "*************************  Running Data LogFC  *******************"
[1] "      RunDataLogFC .......................... OK"
[1] "*************************  Running Data Pval  *******************"
[1] "      RunDataPval .......................... OK"
[1] "*************************  Running Heatmap  *************************"
[1] "       Heatmap .......................... OK"
[1] "      RunHeatmap Intersect .......................... OK"
[1] "*************************  Running Heatmap  *************************"
[1] "       Heatmap .......................... OK"
[1] "      RunHeatmap Union .......................... OK"
[1] "      Filter rawcount table .......................... OK"
[1] "*************************  Running edgeR  *************************"
[1] "RunedgeR(fnCounTable,/home/user/En/elisa.azuara141845/edgeR_Results,TOP=TRUE,fnUmbral=0.05,fnUmbralFoldChange=1,fnSmearPlot=TRUE,fnVolcanoPlot=TRUE,fnBatch=(), fnConditions=c(pEhEx,CmasM))"
[1] "############"
[1] "Samples:  pEhExvsCmasM"
[1] "############"
[1] "      Objeto DGEList .......................... OK"
[1] "      Normalizacion .......................... OK"
[1] "      MDS Plot .......................... OK"
[1] "      Dispersion estimation .......................... OK"
[1] "      Differential expression estimation.......................... OK"
[1] "      Abundance estimation .......................... OK"
[1] "      Results table .......................... OK"
[1] "      Smear plot .......................... OK"
[1] "      Volcano plot .......................... OK"
[1] "      Top file .......................... OK"
[1] "      Final Results table to file .......................... OK"
[1] "*************************  Running limma-Voom  *************************"
[1] "Runlimma(fnCounTable,/home/user/En/elisa.azuara141845/limma_Results,TOP=TRUE,fnUmbral=0.05,fnUmbralFoldChange=1,fnMDPlot=TRUE,fnBatch=(),fnConditions=c(pEhEx,CmasM))"
[1] "############"
[1] "Samples:  pEhExvsCmasM"
[1] "############"
[1] "      Objeto DGEList .......................... OK"
[1] "      Normalizacion .......................... OK"
[1] "      MDS Plot .......................... OK"
[1] "      Voom transform .......................... OK"
[1] "      lmfit estimation .......................... OK"
[1] "      Differential expression estimation.......................... OK"
[1] "      Abundance estimation .......................... OK"
[1] "      Results table .......................... OK"
[1] "      MD plot .......................... OK"
[1] "      Top file .......................... OK"
[1] "      Final Results table to file .......................... OK"
[1] "*************************  Running NOISeq  *************************"
[1] "RunNOISeq(fnCounTable,/home/user/En/elisa.azuara141845/NOISeq_Results,TOP=TRUE,fnUmbral=0.05,fnUmbralFoldChange=1,fnBatch=(),fnConditions=c(pEhEx,CmasM))"
[1] "############"
[1] "Samples:  pEhExvsCmasM"
[1] "############"
[1] "      PCA Plot .......................... OK"
Computing Z values...
...k-means clustering done
Size of 15 clusters:
 [1]   11 4064   11    2    6   48   20   47   26  275   12   91   18   43   17
Resampling cluster...[1] 1
[1] 2
Size of 15 subclusters of cluster: 2
 [1]   87 2003   36  175   51   57  660   32  280   15  148  310   76   91   43
[1] 3
[1] 4
[1] 5
[1] 6
[1] 7
[1] 8
[1] 9
[1] 10
[1] 11
[1] 12
[1] 13
[1] 14
[1] 15
Computing Z for noise...
Computing probability of differential expression...
p0 = 0.403786489471652
Probability
   Min. 1st Qu.  Median    Mean 3rd Qu.    Max. 
 0.0000  0.3546  0.6985  0.5904  0.8380  1.0000 
[1] "      Differential expression estimation.......................... OK"
[1] "      Abundance estimation .......................... OK"
[1] "      Results table .......................... OK"
[1] "183 differentially expressed features"
[1] "183 differentially expressed features"
[1] "      DE plot .......................... OK"
[1] "183 differentially expressed features"
[1] "183 differentially expressed features"
[1] "      MD plot .......................... OK"
[1] "      Top file .......................... OK"
[1] "      Final Results table to file .......................... OK"
[1] "*************************  Running DESeq2  *************************"
[1] "RunDESeq2(fnCounTable,/home/user/En/elisa.azuara141845/DESeq2_Results,TOP=TRUE,fnUmbral=0.05,fnUmbralFoldChange=1,fnMAPlot=TRUE,fnBatch=(),fnConditions=c(pEhEx,CmasM))"
[1] "############"
[1] "Samples:  pEhExvsCmasM"
[1] "############"
[1] "      Objeto Dds .......................... OK"
[1] "      PCA plot .......................... OK"
[1] "      Differential expression estimation.......................... OK"
[1] "      Abundance estimation .......................... OK"
[1] "      Results table .......................... OK"
[1] "      Grafica MA .......................... OK"
[1] "      Top file .......................... OK"
[1] "      Final Results table to file .......................... OK"
[1] "*************************  Running Venn Diagram  *******************"
[1] "VennDiag(fnSetList,/home/user/En/elisa.azuara141845/VennDiagram_Results,pEhExvsCmasM)"
[1] "*************************  Running UpSetPlot  *******************"
[1] "UpSetPlot(fnSetList,/home/user/En/elisa.azuara141845/VennDiagram_Results,pEhExvsCmasM)"
[1] "*************************  Running Get Info from File  *******************"
[1] "      RunGetInfo .......................... OK"
[1] "*************************  Running Data Abundance  *******************"
[1] "      RunDataAbundance .......................... OK"
[1] "*************************  Running Data LogFC  *******************"
[1] "      RunDataLogFC .......................... OK"
[1] "*************************  Running Data Pval  *******************"
[1] "      RunDataPval .......................... OK"
[1] "*************************  Running Heatmap  *************************"
[1] "       Heatmap .......................... OK"
[1] "      RunHeatmap Intersect .......................... OK"
[1] "*************************  Running Heatmap  *************************"
[1] "       Heatmap .......................... OK"
[1] "      RunHeatmap Union .......................... OK"
[1] "      Filter rawcount table .......................... OK"
[1] "*************************  Running edgeR  *************************"
[1] "RunedgeR(fnCounTable,/home/user/En/elisa.azuara141845/edgeR_Results,TOP=TRUE,fnUmbral=0.05,fnUmbralFoldChange=1,fnSmearPlot=TRUE,fnVolcanoPlot=TRUE,fnBatch=(), fnConditions=c(pEhEx,EhMyb10))"
[1] "############"
[1] "Samples:  pEhExvsEhMyb10"
[1] "############"
[1] "      Objeto DGEList .......................... OK"
[1] "      Normalizacion .......................... OK"
[1] "      MDS Plot .......................... OK"
[1] "      Dispersion estimation .......................... OK"
[1] "      Differential expression estimation.......................... OK"
[1] "      Abundance estimation .......................... OK"
[1] "      Results table .......................... OK"
[1] "      Smear plot .......................... OK"
[1] "      Volcano plot .......................... OK"
[1] "      Top file .......................... OK"
[1] "      Final Results table to file .......................... OK"
[1] "*************************  Running limma-Voom  *************************"
[1] "Runlimma(fnCounTable,/home/user/En/elisa.azuara141845/limma_Results,TOP=TRUE,fnUmbral=0.05,fnUmbralFoldChange=1,fnMDPlot=TRUE,fnBatch=(),fnConditions=c(pEhEx,EhMyb10))"
[1] "############"
[1] "Samples:  pEhExvsEhMyb10"
[1] "############"
[1] "      Objeto DGEList .......................... OK"
[1] "      Normalizacion .......................... OK"
[1] "      MDS Plot .......................... OK"
[1] "      Voom transform .......................... OK"
[1] "      lmfit estimation .......................... OK"
[1] "      Differential expression estimation.......................... OK"
[1] "      Abundance estimation .......................... OK"
[1] "      Results table .......................... OK"
[1] "      MD plot .......................... OK"
[1] "      Top file .......................... OK"
[1] "      Final Results table to file .......................... OK"
[1] "*************************  Running NOISeq  *************************"
[1] "RunNOISeq(fnCounTable,/home/user/En/elisa.azuara141845/NOISeq_Results,TOP=TRUE,fnUmbral=0.05,fnUmbralFoldChange=1,fnBatch=(),fnConditions=c(pEhEx,EhMyb10))"
[1] "############"
[1] "Samples:  pEhExvsEhMyb10"
[1] "############"
[1] "      PCA Plot .......................... OK"
Computing Z values...
...k-means clustering done
Size of 15 clusters:
 [1]    9    9   18 4265   52    6    4    8   31   97   22  144    3   16    3
Resampling cluster...[1] 1
[1] 2
[1] 3
[1] 4
Size of 15 subclusters of cluster: 4
 [1]  472   39   39  137   61 2754   25  330   48   14   95   67   23  128   33
[1] 5
[1] 6
[1] 7
[1] 8
[1] 9
[1] 10
[1] 11
[1] 12
[1] 13
[1] 14
[1] 15
Computing Z for noise...
Computing probability of differential expression...
p0 = 0.604780059212455
Probability
   Min. 1st Qu.  Median    Mean 3rd Qu.    Max. 
 0.0000  0.1619  0.3987  0.3880  0.5866  1.0000 
[1] "      Differential expression estimation.......................... OK"
[1] "      Abundance estimation .......................... OK"
[1] "      Results table .......................... OK"
[1] "3 differentially expressed features"
[1] "3 differentially expressed features"
[1] "      DE plot .......................... OK"
[1] "3 differentially expressed features"
[1] "3 differentially expressed features"
[1] "      MD plot .......................... OK"
[1] "      Top file .......................... OK"
[1] "      Final Results table to file .......................... OK"
[1] "*************************  Running DESeq2  *************************"
[1] "RunDESeq2(fnCounTable,/home/user/En/elisa.azuara141845/DESeq2_Results,TOP=TRUE,fnUmbral=0.05,fnUmbralFoldChange=1,fnMAPlot=TRUE,fnBatch=(),fnConditions=c(pEhEx,EhMyb10))"
[1] "############"
[1] "Samples:  pEhExvsEhMyb10"
[1] "############"
[1] "      Objeto Dds .......................... OK"
[1] "      PCA plot .......................... OK"
[1] "      Differential expression estimation.......................... OK"
[1] "      Abundance estimation .......................... OK"
[1] "      Results table .......................... OK"
[1] "      Grafica MA .......................... OK"
[1] "      Top file .......................... OK"
[1] "      Final Results table to file .......................... OK"
[1] "*************************  Running Venn Diagram  *******************"
[1] "VennDiag(fnSetList,/home/user/En/elisa.azuara141845/VennDiagram_Results,pEhExvsEhMyb10)"
[1] "*************************  Running UpSetPlot  *******************"
[1] "UpSetPlot(fnSetList,/home/user/En/elisa.azuara141845/VennDiagram_Results,pEhExvsEhMyb10)"
[1] "*************************  Running Get Info from File  *******************"
[1] "      RunGetInfo .......................... OK"
[1] "*************************  Running Data Abundance  *******************"
[1] "      RunDataAbundance .......................... OK"
[1] "*************************  Running Data LogFC  *******************"
[1] "      RunDataLogFC .......................... OK"
[1] "*************************  Running Data Pval  *******************"
[1] "      RunDataPval .......................... OK"
[1] "*************************  Running Heatmap  *************************"
[1] "      RunHeatmap Intersect .......................... Failed"
[1] "*************************  Running Heatmap  *************************"
[1] "       Heatmap .......................... OK"
[1] "      RunHeatmap Union .......................... OK"
[1] "      Filter rawcount table .......................... OK"
[1] "*************************  Running edgeR  *************************"
[1] "RunedgeR(fnCounTable,/home/user/En/elisa.azuara141845/edgeR_Results,TOP=TRUE,fnUmbral=0.05,fnUmbralFoldChange=1,fnSmearPlot=TRUE,fnVolcanoPlot=TRUE,fnBatch=(), fnConditions=c(pEhEx,U2AF84))"
[1] "############"
[1] "Samples:  pEhExvsU2AF84"
[1] "############"
[1] "      Objeto DGEList .......................... OK"
[1] "      Normalizacion .......................... OK"
[1] "      MDS Plot .......................... OK"
[1] "      Dispersion estimation .......................... OK"
[1] "      Differential expression estimation.......................... OK"
[1] "      Abundance estimation .......................... OK"
[1] "      Results table .......................... OK"
[1] "      Smear plot .......................... OK"
[1] "      Volcano plot .......................... OK"
[1] "      Top file .......................... OK"
[1] "      Final Results table to file .......................... OK"
[1] "*************************  Running limma-Voom  *************************"
[1] "Runlimma(fnCounTable,/home/user/En/elisa.azuara141845/limma_Results,TOP=TRUE,fnUmbral=0.05,fnUmbralFoldChange=1,fnMDPlot=TRUE,fnBatch=(),fnConditions=c(pEhEx,U2AF84))"
[1] "############"
[1] "Samples:  pEhExvsU2AF84"
[1] "############"
[1] "      Objeto DGEList .......................... OK"
[1] "      Normalizacion .......................... OK"
[1] "      MDS Plot .......................... OK"
[1] "      Voom transform .......................... OK"
[1] "      lmfit estimation .......................... OK"
[1] "      Differential expression estimation.......................... OK"
[1] "      Abundance estimation .......................... OK"
[1] "      Results table .......................... OK"
[1] "      MD plot .......................... OK"
[1] "      Top file .......................... OK"
[1] "      Final Results table to file .......................... OK"
[1] "*************************  Running NOISeq  *************************"
[1] "RunNOISeq(fnCounTable,/home/user/En/elisa.azuara141845/NOISeq_Results,TOP=TRUE,fnUmbral=0.05,fnUmbralFoldChange=1,fnBatch=(),fnConditions=c(pEhEx,U2AF84))"
[1] "############"
[1] "Samples:  pEhExvsU2AF84"
[1] "############"
[1] "      PCA Plot .......................... OK"
Computing Z values...
...k-means clustering done
Size of 15 clusters:
 [1]   16  112   13   53 4387    2   27    2    4    1   82   12    8   22    5
Resampling cluster...[1] 1
[1] 2
[1] 3
[1] 4
[1] 5
Size of 15 subclusters of cluster: 5
 [1]  194   16   28   86   19   73   26   46   64   15  535   37   69 2920  259
[1] 6
[1] 7
[1] 8
[1] 9
[1] 10
[1] 11
[1] 12
[1] 13
[1] 14
[1] 15
Computing Z for noise...
Computing probability of differential expression...
p0 = 0.521032657168775
Probability
   Min. 1st Qu.  Median    Mean 3rd Qu.    Max. 
 0.0000  0.3135  0.4609  0.4759  0.6368  0.9479 
[1] "      Differential expression estimation.......................... OK"
[1] "      Abundance estimation .......................... OK"
[1] "      Results table .......................... OK"
[1] "0 differentially expressed features"
[1] "0 differentially expressed features"
[1] "      DE plot .......................... OK"
[1] "0 differentially expressed features"
[1] "0 differentially expressed features"
[1] "      MD plot .......................... OK"
[1] "      Top file .......................... OK"
[1] "      Final Results table to file .......................... OK"
[1] "*************************  Running DESeq2  *************************"
[1] "RunDESeq2(fnCounTable,/home/user/En/elisa.azuara141845/DESeq2_Results,TOP=TRUE,fnUmbral=0.05,fnUmbralFoldChange=1,fnMAPlot=TRUE,fnBatch=(),fnConditions=c(pEhEx,U2AF84))"
[1] "############"
[1] "Samples:  pEhExvsU2AF84"
[1] "############"
[1] "      Objeto Dds .......................... OK"
[1] "      PCA plot .......................... OK"
[1] "      Differential expression estimation.......................... OK"
[1] "      Abundance estimation .......................... OK"
[1] "      Results table .......................... OK"
[1] "      Grafica MA .......................... OK"
[1] "      Top file .......................... OK"
[1] "      Final Results table to file .......................... OK"
[1] "*************************  Running Venn Diagram  *******************"
[1] "VennDiag(fnSetList,/home/user/En/elisa.azuara141845/VennDiagram_Results,pEhExvsU2AF84)"
[1] "      Filter rawcount table .......................... OK"
[1] "*************************  Running edgeR  *************************"
[1] "RunedgeR(fnCounTable,/home/user/En/elisa.azuara141845/edgeR_Results,TOP=TRUE,fnUmbral=0.05,fnUmbralFoldChange=1,fnSmearPlot=TRUE,fnVolcanoPlot=TRUE,fnBatch=(), fnConditions=c(pEhEx,UmasM))"
[1] "############"
[1] "Samples:  pEhExvsUmasM"
[1] "############"
[1] "      Objeto DGEList .......................... OK"
[1] "      Normalizacion .......................... OK"
[1] "      MDS Plot .......................... OK"
[1] "      Dispersion estimation .......................... OK"
[1] "      Differential expression estimation.......................... OK"
[1] "      Abundance estimation .......................... OK"
[1] "      Results table .......................... OK"
[1] "      Smear plot .......................... OK"
[1] "      Volcano plot .......................... OK"
[1] "      Top file .......................... OK"
[1] "      Final Results table to file .......................... OK"
[1] "*************************  Running limma-Voom  *************************"
[1] "Runlimma(fnCounTable,/home/user/En/elisa.azuara141845/limma_Results,TOP=TRUE,fnUmbral=0.05,fnUmbralFoldChange=1,fnMDPlot=TRUE,fnBatch=(),fnConditions=c(pEhEx,UmasM))"
[1] "############"
[1] "Samples:  pEhExvsUmasM"
[1] "############"
[1] "      Objeto DGEList .......................... OK"
[1] "      Normalizacion .......................... OK"
[1] "      MDS Plot .......................... OK"
[1] "      Voom transform .......................... OK"
[1] "      lmfit estimation .......................... OK"
[1] "      Differential expression estimation.......................... OK"
[1] "      Abundance estimation .......................... OK"
[1] "      Results table .......................... OK"
[1] "      MD plot .......................... OK"
[1] "      Top file .......................... OK"
[1] "      Final Results table to file .......................... OK"
[1] "*************************  Running NOISeq  *************************"
[1] "RunNOISeq(fnCounTable,/home/user/En/elisa.azuara141845/NOISeq_Results,TOP=TRUE,fnUmbral=0.05,fnUmbralFoldChange=1,fnBatch=(),fnConditions=c(pEhEx,UmasM))"
[1] "############"
[1] "Samples:  pEhExvsUmasM"
[1] "############"
[1] "      PCA Plot .......................... OK"
Computing Z values...
...k-means clustering done
Size of 15 clusters:
 [1]    9   72   18   30  217 4404    8    4    3   10   17    3   59   54   11
Resampling cluster...[1] 1
[1] 2
[1] 3
[1] 4
[1] 5
[1] 6
Size of 15 subclusters of cluster: 6
 [1]   55   32  152   26   83   48  554 2568   77   95   22  221  367   44   60
[1] 7
[1] 8
[1] 9
[1] 10
[1] 11
[1] 12
[1] 13
[1] 14
[1] 15
Computing Z for noise...
Computing probability of differential expression...
[1] "WARNING: f0(0)/f(0) < 1 => FP with Z~0 will be detected."
p0 = 0.210250612902949
Probability
   Min. 1st Qu.  Median    Mean 3rd Qu.    Max. 
 0.0000  0.7604  0.8175  0.7926  0.8442  0.8546 
[1] "      Differential expression estimation.......................... OK"
[1] "      Abundance estimation .......................... OK"
[1] "      Results table .......................... OK"
[1] "0 differentially expressed features"
[1] "0 differentially expressed features"
[1] "      DE plot .......................... OK"
[1] "0 differentially expressed features"
[1] "0 differentially expressed features"
[1] "      MD plot .......................... OK"
[1] "      Top file .......................... OK"
[1] "      Final Results table to file .......................... OK"
[1] "*************************  Running DESeq2  *************************"
[1] "RunDESeq2(fnCounTable,/home/user/En/elisa.azuara141845/DESeq2_Results,TOP=TRUE,fnUmbral=0.05,fnUmbralFoldChange=1,fnMAPlot=TRUE,fnBatch=(),fnConditions=c(pEhEx,UmasM))"
[1] "############"
[1] "Samples:  pEhExvsUmasM"
[1] "############"
[1] "      Objeto Dds .......................... OK"
[1] "      PCA plot .......................... OK"
[1] "      Differential expression estimation.......................... OK"
[1] "      Abundance estimation .......................... OK"
[1] "      Results table .......................... OK"
[1] "      Grafica MA .......................... OK"
[1] "      Top file .......................... OK"
[1] "      Final Results table to file .......................... OK"
[1] "*************************  Running Venn Diagram  *******************"
[1] "VennDiag(fnSetList,/home/user/En/elisa.azuara141845/VennDiagram_Results,pEhExvsUmasM)"
